vti_encoding:SR|utf8-nl
vti_timelastmodified:TR|29 Jan 2005 22:53:14 -0000
vti_extenderversion:SR|5.0.2.6417
vti_author:SR|ZEUS\\Brian
vti_modifiedby:SR|ZEUS\\Brian
vti_nexttolasttimemodified:TR|23 Jan 2005 23:46:36 -0000
vti_timecreated:TR|29 Jan 2005 22:53:14 -0000
vti_lineageid:SR|{D32FF38C-F05B-42C4-A581-BD674488355F}
vti_cacheddtm:TX|23 Jan 2005 23:46:36 -0000
vti_filesize:IR|2711
vti_backlinkinfo:VX|
2005.01.29 18:02 B C:\shared\greymatterideas.com\caribbean\_vti_cnf\caribbeanmovie.swf --> www.vagnini.net /caribbean/_vti_cnf caribbeanmovie.swf
2005.01.29 18:02 B C:\shared\greymatterideas.com\caribbean\_vti_cnf\caribgif.GIF --> www.vagnini.net /caribbean/_vti_cnf caribgif.GIF
2005.01.29 18:02 B C:\shared\greymatterideas.com\caribbean\_vti_cnf\contest_rules.htm --> www.vagnini.net /caribbean/_vti_cnf contest_rules.htm
2005.01.29 18:02 B C:\shared\greymatterideas.com\caribbean\_vti_cnf\contestrules.htm --> www.vagnini.net /caribbean/_vti_cnf contestrules.htm
2005.01.29 18:02 B C:\shared\greymatterideas.com\caribbean\_vti_cnf\Grand LIdo at Night.jpg --> www.vagnini.net /caribbean/_vti_cnf Grand LIdo at Night.jpg
2005.01.29 18:02 B C:\shared\greymatterideas.com\caribbean\_vti_cnf\Las Brisas.jpg --> www.vagnini.net /caribbean/_vti_cnf Las Brisas.jpg
2005.01.29 18:02 B C:\shared\greymatterideas.com\caribbean\_vti_cnf\mailcaribbeanchecking.asp --> www.vagnini.net /caribbean/_vti_cnf mailcaribbeanchecking.asp
2005.01.29 18:02 B C:\shared\greymatterideas.com\caribbean\_vti_cnf\mailcaribbeanhome.asp --> www.vagnini.net /caribbean/_vti_cnf mailcaribbeanhome.asp
2005.01.29 18:02 B C:\shared\greymatterideas.com\caribbean\_vti_cnf\mastercaribbeangif.html --> www.vagnini.net /caribbean/_vti_cnf mastercaribbeangif.html
2005.01.29 18:02 B C:\shared\greymatterideas.com\caribbean\_vti_cnf\vssver.scc --> www.vagnini.net /caribbean/_vti_cnf vssver.scc
2005.01.29 18:02 B C:\shared\greymatterideas.com\caribbean\_vti_cnf\WS_FTP.LOG --> www.vagnini.net /caribbean/_vti_cnf WS_FTP.LOG
2005.02.16 19:10 B C:\shared\greymatterideas.com\caribbean\_vti_cnf\caribbeanmovie.swf --> www.greymatterideas.com /caribbean/_vti_cnf caribbeanmovie.swf
2005.02.16 19:10 B C:\shared\greymatterideas.com\caribbean\_vti_cnf\caribgif.GIF --> www.greymatterideas.com /caribbean/_vti_cnf caribgif.GIF
2005.02.16 19:10 B C:\shared\greymatterideas.com\caribbean\_vti_cnf\contest_rules.htm --> www.greymatterideas.com /caribbean/_vti_cnf contest_rules.htm
2005.02.16 19:10 B C:\shared\greymatterideas.com\caribbean\_vti_cnf\contestrules.htm --> www.greymatterideas.com /caribbean/_vti_cnf contestrules.htm
2005.02.16 19:10 B C:\shared\greymatterideas.com\caribbean\_vti_cnf\Grand LIdo at Night.jpg --> www.greymatterideas.com /caribbean/_vti_cnf Grand LIdo at Night.jpg
2005.02.16 19:10 B C:\shared\greymatterideas.com\caribbean\_vti_cnf\Las Brisas.jpg --> www.greymatterideas.com /caribbean/_vti_cnf Las Brisas.jpg
2005.02.16 19:10 B C:\shared\greymatterideas.com\caribbean\_vti_cnf\mailcaribbeanchecking.asp --> www.greymatterideas.com /caribbean/_vti_cnf mailcaribbeanchecking.asp
2005.02.16 19:10 B C:\shared\greymatterideas.com\caribbean\_vti_cnf\mailcaribbeanhome.asp --> www.greymatterideas.com /caribbean/_vti_cnf mailcaribbeanhome.asp
2005.02.16 19:10 B C:\shared\greymatterideas.com\caribbean\_vti_cnf\mastercaribbeangif.html --> www.greymatterideas.com /caribbean/_vti_cnf mastercaribbeangif.html
2005.02.16 19:10 B C:\shared\greymatterideas.com\caribbean\_vti_cnf\vssver.scc --> www.greymatterideas.com /caribbean/_vti_cnf vssver.scc
