2004.08.07 23:44 B E:\website\vagnini\caribbean\caribbeanmovie.swf --> www.vagnini.net /caribbean caribbeanmovie.swf
2004.08.07 23:44 B E:\website\vagnini\caribbean\caribgif.GIF --> www.vagnini.net /caribbean caribgif.GIF
2004.08.07 23:44 B E:\website\vagnini\caribbean\contest_rules.htm --> www.vagnini.net /caribbean contest_rules.htm
2004.08.07 23:44 B E:\website\vagnini\caribbean\contestrules.htm --> www.vagnini.net /caribbean contestrules.htm
2004.08.07 23:44 B E:\website\vagnini\caribbean\Grand LIdo at Night.jpg --> www.vagnini.net /caribbean Grand LIdo at Night.jpg
2004.08.07 23:44 B E:\website\vagnini\caribbean\Las Brisas.jpg --> www.vagnini.net /caribbean Las Brisas.jpg
2004.08.07 23:44 B E:\website\vagnini\caribbean\mailcaribbeanchecking.asp --> www.vagnini.net /caribbean mailcaribbeanchecking.asp
2004.08.07 23:44 B E:\website\vagnini\caribbean\mailcaribbeanhome.asp --> www.vagnini.net /caribbean mailcaribbeanhome.asp
2004.08.07 23:44 B E:\website\vagnini\caribbean\mastercaribbeangif.html --> www.vagnini.net /caribbean mastercaribbeangif.html
2004.08.07 23:44 B E:\website\vagnini\caribbean\vssver.scc --> www.vagnini.net /caribbean vssver.scc
2005.01.23 18:46 B C:\shared\greymatterideas.com\music\caribbean\caribbeanmovie.swf --> www.vagnini.net /music/caribbean caribbeanmovie.swf
2005.01.23 18:46 B C:\shared\greymatterideas.com\music\caribbean\caribgif.GIF --> www.vagnini.net /music/caribbean caribgif.GIF
2005.01.23 18:46 B C:\shared\greymatterideas.com\music\caribbean\contest_rules.htm --> www.vagnini.net /music/caribbean contest_rules.htm
2005.01.23 18:46 B C:\shared\greymatterideas.com\music\caribbean\contestrules.htm --> www.vagnini.net /music/caribbean contestrules.htm
2005.01.23 18:46 B C:\shared\greymatterideas.com\music\caribbean\Grand LIdo at Night.jpg --> www.vagnini.net /music/caribbean Grand LIdo at Night.jpg
2005.01.23 18:46 B C:\shared\greymatterideas.com\music\caribbean\Las Brisas.jpg --> www.vagnini.net /music/caribbean Las Brisas.jpg
2005.01.23 18:46 B C:\shared\greymatterideas.com\music\caribbean\mailcaribbeanchecking.asp --> www.vagnini.net /music/caribbean mailcaribbeanchecking.asp
2005.01.23 18:46 B C:\shared\greymatterideas.com\music\caribbean\mailcaribbeanhome.asp --> www.vagnini.net /music/caribbean mailcaribbeanhome.asp
2005.01.23 18:46 B C:\shared\greymatterideas.com\music\caribbean\mastercaribbeangif.html --> www.vagnini.net /music/caribbean mastercaribbeangif.html
2005.01.23 18:46 B C:\shared\greymatterideas.com\music\caribbean\vssver.scc --> www.vagnini.net /music/caribbean vssver.scc
2005.01.23 18:46 B C:\shared\greymatterideas.com\music\caribbean\WS_FTP.LOG --> www.vagnini.net /music/caribbean WS_FTP.LOG
2005.01.29 18:03 B C:\shared\greymatterideas.com\caribbean\caribbeanmovie.swf --> www.vagnini.net /caribbean caribbeanmovie.swf
2005.01.29 18:03 B C:\shared\greymatterideas.com\caribbean\caribgif.GIF --> www.vagnini.net /caribbean caribgif.GIF
2005.01.29 18:03 B C:\shared\greymatterideas.com\caribbean\contest_rules.htm --> www.vagnini.net /caribbean contest_rules.htm
2005.01.29 18:03 B C:\shared\greymatterideas.com\caribbean\contestrules.htm --> www.vagnini.net /caribbean contestrules.htm
2005.01.29 18:03 B C:\shared\greymatterideas.com\caribbean\Grand LIdo at Night.jpg --> www.vagnini.net /caribbean Grand LIdo at Night.jpg
2005.01.29 18:03 B C:\shared\greymatterideas.com\caribbean\Las Brisas.jpg --> www.vagnini.net /caribbean Las Brisas.jpg
2005.01.29 18:03 B C:\shared\greymatterideas.com\caribbean\mailcaribbeanchecking.asp --> www.vagnini.net /caribbean mailcaribbeanchecking.asp
2005.01.29 18:03 B C:\shared\greymatterideas.com\caribbean\mailcaribbeanhome.asp --> www.vagnini.net /caribbean mailcaribbeanhome.asp
2005.01.29 18:03 B C:\shared\greymatterideas.com\caribbean\mastercaribbeangif.html --> www.vagnini.net /caribbean mastercaribbeangif.html
2005.01.29 18:03 B C:\shared\greymatterideas.com\caribbean\vssver.scc --> www.vagnini.net /caribbean vssver.scc
2005.01.29 18:03 B C:\shared\greymatterideas.com\caribbean\WS_FTP.LOG --> www.vagnini.net /caribbean WS_FTP.LOG
2005.02.16 19:10 B C:\shared\greymatterideas.com\caribbean\caribbeanmovie.swf --> www.greymatterideas.com /caribbean caribbeanmovie.swf
2005.02.16 19:10 B C:\shared\greymatterideas.com\caribbean\caribgif.GIF --> www.greymatterideas.com /caribbean caribgif.GIF
2005.02.16 19:10 B C:\shared\greymatterideas.com\caribbean\contest_rules.htm --> www.greymatterideas.com /caribbean contest_rules.htm
2005.02.16 19:10 B C:\shared\greymatterideas.com\caribbean\contestrules.htm --> www.greymatterideas.com /caribbean contestrules.htm
2005.02.16 19:10 B C:\shared\greymatterideas.com\caribbean\Grand LIdo at Night.jpg --> www.greymatterideas.com /caribbean Grand LIdo at Night.jpg
2005.02.16 19:10 B C:\shared\greymatterideas.com\caribbean\Las Brisas.jpg --> www.greymatterideas.com /caribbean Las Brisas.jpg
2005.02.16 19:10 B C:\shared\greymatterideas.com\caribbean\mailcaribbeanchecking.asp --> www.greymatterideas.com /caribbean mailcaribbeanchecking.asp
2005.02.16 19:10 B C:\shared\greymatterideas.com\caribbean\mailcaribbeanhome.asp --> www.greymatterideas.com /caribbean mailcaribbeanhome.asp
2005.02.16 19:10 B C:\shared\greymatterideas.com\caribbean\mastercaribbeangif.html --> www.greymatterideas.com /caribbean mastercaribbeangif.html
2005.02.16 19:10 B C:\shared\greymatterideas.com\caribbean\vssver.scc --> www.greymatterideas.com /caribbean vssver.scc
